2026-04-06 08:00:42,504 | INFO | [PROCESSING] about | https://manifestationmatters.com/category/law-of-attraction/
2026-04-06 08:02:17,717 | INFO | [PROCESSING] about | https://manifestationmatters.com/category/law-of-attraction/
2026-04-06 08:02:18,769 | INFO | (SUCCESS) https://manifestationmatters.com/category/law-of-attraction/ | Status: 200 | Time: 1.05s
2026-04-06 08:04:50,691 | INFO | [PROCESSING] about | https://manifestationmatters.com/category/law-of-attraction/
2026-04-06 08:04:51,659 | INFO | (SUCCESS) https://manifestationmatters.com/category/law-of-attraction/ | Status: 200 | Time: 0.96s
2026-04-06 08:06:51,733 | INFO | [PROCESSING] about | https://manifestationmatters.com/category/law-of-attraction/
2026-04-06 08:06:52,314 | INFO | (SUCCESS) https://manifestationmatters.com/category/law-of-attraction/ | Status: 200 | Time: 0.58s
2026-04-06 08:06:52,318 | INFO | [PROCESSING] product | https://manifestationmatters.com/manifestation-matters-store/
2026-04-06 08:06:54,028 | INFO | (SUCCESS) https://manifestationmatters.com/manifestation-matters-store/ | Status: 200 | Time: 1.71s
2026-04-06 08:06:54,029 | INFO | [PROCESSING] about | https://nextlevelsoul.com/blog/
2026-04-06 08:06:54,900 | INFO | (SUCCESS) https://nextlevelsoul.com/blog/ | Status: 200 | Time: 0.87s
2026-04-06 08:06:54,902 | INFO | [PROCESSING] product | https://watch.nextlevelsoul.com/category/events_&_workshops
2026-04-06 08:06:55,079 | INFO | (SUCCESS) https://watch.nextlevelsoul.com/category/events_&_workshops | Status: 200 | Time: 0.18s
2026-04-06 08:06:55,080 | INFO | Finished scraping batch.
2026-04-18 14:42:01,467 | INFO | [PROCESSING] about | https://manifestationmatters.com/category/law-of-attraction/
2026-04-18 14:45:24,122 | INFO | [PROCESSING] about | https://manifestationmatters.com/category/law-of-attraction/
2026-04-18 14:46:36,283 | INFO | [PROCESSING] about | https://manifestationmatters.com/category/law-of-attraction/
2026-04-18 14:47:32,895 | INFO | [PROCESSING] about | https://manifestationmatters.com/category/law-of-attraction/
2026-04-18 14:47:49,481 | INFO | [PROCESSING] product | https://manifestationmatters.com/manifestation-matters-store/
2026-04-18 14:48:29,892 | INFO | [PROCESSING] about | https://nextlevelsoul.com/blog/
2026-04-18 14:48:47,889 | INFO | [PROCESSING] product | https://watch.nextlevelsoul.com/category/events_&_workshops
2026-04-18 14:49:04,817 | INFO | Finished scraping batch.
2026-04-18 16:30:20,602 | INFO | [PROCESSING] about | https://manifestationmatters.com/category/law-of-attraction/
2026-04-18 16:41:47,094 | INFO | [PROCESSING] about | https://manifestationmatters.com/category/law-of-attraction/
2026-04-18 16:46:06,658 | INFO | [PROCESSING] about | https://manifestationmatters.com/category/law-of-attraction/
2026-04-18 16:46:23,286 | INFO | [PROCESSING] product | https://manifestationmatters.com/manifestation-matters-store/
2026-04-18 16:46:41,577 | INFO | Finished scraping batch.
2026-04-18 16:48:53,281 | INFO | [PROCESSING] about | https://manifestationmatters.com/category/law-of-attraction/
2026-04-18 16:49:09,956 | INFO | [PROCESSING] product | https://manifestationmatters.com/manifestation-matters-store/
2026-04-18 16:49:26,508 | INFO | Finished scraping batch.
2026-04-18 16:51:12,081 | INFO | [PROCESSING] about | https://manifestationmatters.com/category/law-of-attraction/
2026-04-18 16:51:28,974 | INFO | [PROCESSING] product | https://manifestationmatters.com/manifestation-matters-store/
2026-04-18 16:51:46,010 | INFO | Finished scraping batch.
2026-04-27 09:06:08,490 | INFO | [PROCESSING] about | https://manifestationmatters.com/category/law-of-attraction/
2026-04-27 09:12:12,953 | INFO | [PROCESSING] about | https://manifestationmatters.com/category/law-of-attraction/
2026-04-27 09:14:06,350 | INFO | [PROCESSING] about | https://manifestationmatters.com/category/law-of-attraction/
2026-04-27 09:14:22,061 | INFO | [PROCESSING] product | https://manifestationmatters.com/manifestation-matters-store/
2026-04-27 09:14:39,116 | INFO | Finished scraping batch.
2026-04-27 10:24:14,691 | INFO | [PROCESSING] about | https://manifestationmatters.com/category/law-of-attraction/
2026-04-27 10:24:31,065 | INFO | [PROCESSING] product | https://manifestationmatters.com/manifestation-matters-store/
2026-04-27 10:24:47,377 | INFO | [PROCESSING] about | https://nextlevelsoul.com/blog/
2026-04-27 10:25:03,955 | INFO | [PROCESSING] product | https://watch.nextlevelsoul.com/category/events_&_workshops
2026-04-27 10:25:19,597 | INFO | [PROCESSING] about | https://elliotoracle.com/
2026-04-27 10:25:35,042 | INFO | [PROCESSING] product | https://elliotoracle.com/shop/
2026-04-27 10:25:50,280 | INFO | [PROCESSING] about | https://conjuredcardea.com/
2026-04-27 10:26:09,320 | INFO | [PROCESSING] product | https://conjuredcardea.com/collections/all-products
2026-04-27 10:26:38,155 | INFO | [PROCESSING] about | https://goodinthehead.com/the-mental-hospital/
2026-04-27 10:26:56,644 | INFO | [PROCESSING] product | https://goodinthehead.com/books-for-sale/
2026-04-27 10:27:16,198 | INFO | [PROCESSING] about | https://www.enchanteddragonflyma.com/#AImbkY
2026-04-27 10:27:31,630 | INFO | [PROCESSING] product | https://www.enchanteddragonflyma.com/s/shop
2026-04-27 10:27:47,087 | INFO | [PROCESSING] about | https://tanyafengshui.com/about-me/
2026-04-27 10:28:04,049 | INFO | [PROCESSING] product | https://tanyafengshui.com/feng-shui-products/
2026-04-27 10:28:21,408 | INFO | [PROCESSING] about | https://www.atlantisscalar.com/about-atlantis-scalar/
2026-04-27 10:28:23,230 | INFO | [PROCESSING] product | https://www.atlantisscalar.com/scalar-services/
2026-04-27 10:28:24,668 | INFO | [PROCESSING] about | https://www.thesecret.tv/our-mission/
2026-04-27 10:28:39,261 | INFO | [PROCESSING] product | https://www.thesecret.tv/store/
2026-04-27 10:28:54,458 | INFO | [PROCESSING] about | https://dramitjain.org/ourstory/
2026-04-27 10:29:09,046 | INFO | [PROCESSING] product | https://dramitjain.org/
2026-04-27 10:29:23,418 | INFO | Finished scraping batch.
2026-05-04 11:14:15,591 | INFO | [PROCESSING] about | https://manifestationmatters.com/category/law-of-attraction/
2026-05-04 11:14:53,420 | INFO | [PROCESSING] product | https://manifestationmatters.com/manifestation-matters-store/
2026-05-04 11:15:15,081 | INFO | [PROCESSING] about | https://nextlevelsoul.com/blog/
2026-05-04 11:15:40,853 | INFO | [PROCESSING] product | https://watch.nextlevelsoul.com/category/events_&_workshops
2026-05-04 11:16:00,992 | INFO | [PROCESSING] about | https://elliotoracle.com/
2026-05-04 11:16:24,453 | INFO | [PROCESSING] product | https://elliotoracle.com/shop/
2026-05-04 11:16:46,913 | INFO | [PROCESSING] product | https://9ef796q6w7uteze7xh0vsq4pal.hop.clickbank.net
2026-05-04 11:17:15,094 | INFO | [PROCESSING] product | https://manifestationmatters.com
2026-05-04 11:17:47,856 | INFO | [PROCESSING] product | https://manifestationmatters.com/
2026-05-04 11:18:18,182 | INFO | [PROCESSING] product | https://manifestationmatters.com/tag/law-of-attraction-pdf/
2026-05-04 11:19:26,232 | INFO | [PROCESSING] product | https://manifestationmatters.com/tag/wealth-attraction-affirmations/
2026-05-04 11:20:28,791 | INFO | [PROCESSING] product | https://manifestationmatters.com/tag/manifestation-training-programs/
2026-05-04 11:21:29,613 | INFO | [PROCESSING] product | https://manifestationmatters.com/tag/visualization/
2026-05-04 11:22:27,394 | INFO | [PROCESSING] product | https://manifestationmatters.com/tag/law-of-attraction-quotes/
2026-05-04 11:23:25,254 | INFO | [PROCESSING] product | https://manifestationmatters.com/tag/soul-manifestation/
2026-05-04 11:52:32,045 | INFO | [PROCESSING] about | https://manifestationmatters.com/category/law-of-attraction/
2026-05-04 11:53:01,539 | INFO | [PROCESSING] product | https://manifestationmatters.com/manifestation-matters-store/
2026-05-04 12:12:12,836 | INFO | [PROCESSING] about | https://manifestationmatters.com/category/law-of-attraction/
2026-05-04 12:12:27,480 | INFO | [PROCESSING] product | https://manifestationmatters.com/manifestation-matters-store/
2026-05-04 12:22:04,158 | INFO | [PROCESSING] about | https://manifestationmatters.com/category/law-of-attraction/
2026-05-04 12:22:25,949 | INFO | [PROCESSING] product | https://manifestationmatters.com/manifestation-matters-store/
2026-05-04 12:35:14,659 | INFO | [PROCESSING] about | https://manifestationmatters.com/category/law-of-attraction/
2026-05-04 12:35:35,183 | INFO | [PROCESSING] product | https://manifestationmatters.com/manifestation-matters-store/
2026-05-04 12:46:32,855 | INFO | [PROCESSING] about | https://manifestationmatters.com/category/law-of-attraction/
2026-05-04 12:46:53,200 | INFO | [PROCESSING] product | https://manifestationmatters.com/manifestation-matters-store/
2026-05-04 12:52:51,669 | INFO | [PROCESSING] about | https://manifestationmatters.com/category/law-of-attraction/
2026-05-04 12:53:06,603 | INFO | [PROCESSING] product | https://manifestationmatters.com/manifestation-matters-store/
2026-05-04 15:49:46,151 | INFO | [PROCESSING] about | https://organicreverence.com/about
2026-05-04 15:50:04,681 | INFO | [PROCESSING] product | https://organicreverence.com/shop
2026-05-04 15:50:19,339 | INFO | Finished scraping batch.
2026-05-04 15:54:36,681 | INFO | [PROCESSING] about | 
2026-05-04 15:54:36,686 | INFO | [PROCESSING] product | https://organicreverence.com/shop
2026-05-04 15:54:52,385 | INFO | Finished scraping batch.
2026-05-14 09:15:44,601 | INFO | [PROCESSING] about | https://manifestationmatters.com/category/law-of-attraction/
2026-05-14 09:17:50,347 | INFO | [PROCESSING] about | https://manifestationmatters.com/category/law-of-attraction/
2026-05-14 09:20:03,960 | INFO | [PROCESSING] about | https://manifestationmatters.com/category/law-of-attraction/
2026-05-21 10:28:45,016 | INFO | [PROCESSING] about | https://manifestationmatters.com/category/law-of-attraction/
2026-05-21 10:29:18,617 | INFO | [PROCESSING] product | https://manifestationmatters.com/manifestation-matters-store/
2026-05-21 10:32:42,679 | INFO | [PROCESSING] about | https://manifestationmatters.com/category/law-of-attraction/
2026-05-21 10:33:00,280 | INFO | [PROCESSING] product | https://manifestationmatters.com/manifestation-matters-store/
2026-05-21 10:33:19,109 | INFO | [PROCESSING] about | https://nextlevelsoul.com/blog/
2026-05-21 10:33:38,067 | INFO | [PROCESSING] product | https://watch.nextlevelsoul.com/category/events_&_workshops
2026-05-21 10:33:56,675 | INFO | [PROCESSING] about | https://elliotoracle.com/
2026-05-21 10:34:16,207 | INFO | [PROCESSING] product | https://elliotoracle.com/shop/
2026-05-21 10:34:32,685 | INFO | [PROCESSING] about | https://conjuredcardea.com/
2026-05-21 10:35:53,032 | INFO | [PROCESSING] about | https://manifestationmatters.com/category/law-of-attraction/
2026-05-21 10:36:10,701 | INFO | [PROCESSING] product | https://manifestationmatters.com/manifestation-matters-store/
2026-05-21 10:36:28,338 | INFO | [PROCESSING] about | https://nextlevelsoul.com/blog/
2026-05-31 23:12:51,572 | INFO | [PROCESSING] about | https://manifestationmatters.com/category/law-of-attraction/
2026-05-31 23:14:07,303 | INFO | [PROCESSING] product | https://manifestationmatters.com/manifestation-matters-store/
2026-05-31 23:15:36,254 | INFO | [SAVED] depth=1 | https://manifestationmatters.com/category/visualization/
2026-05-31 23:15:58,862 | INFO | [SAVED] depth=1 | https://manifestationmatters.com/category/law-of-attraction/
2026-05-31 23:16:21,690 | INFO | [SAVED] depth=1 | https://manifestationmatters.com/category/manifestation/
2026-05-31 23:17:09,224 | INFO | [SAVED] depth=1 | https://manifestationmatters.com/category/affirmations/
2026-05-31 23:28:20,343 | INFO | [PROCESSING] about | https://manifestationmatters.com/category/law-of-attraction/
2026-05-31 23:28:42,060 | INFO | [PROCESSING] product | https://manifestationmatters.com/manifestation-matters-store/
2026-05-31 23:29:28,907 | INFO | [SAVED] depth=1 | https://manifestationmatters.com/category/gratitude/
2026-05-31 23:29:52,922 | INFO | [SAVED] depth=1 | https://manifestationmatters.com/category/affirmations/
2026-05-31 23:30:17,392 | INFO | [SAVED] depth=1 | https://manifestationmatters.com/category/law-of-attraction/
2026-05-31 23:38:52,540 | INFO | [PROCESSING] about | https://manifestationmatters.com/category/law-of-attraction/
2026-05-31 23:39:13,894 | INFO | [PROCESSING] product | https://manifestationmatters.com/manifestation-matters-store/
2026-05-31 23:39:59,524 | INFO | [SAVED] depth=1 | https://manifestationmatters.com/category/visualization/
2026-05-31 23:40:23,494 | INFO | [SAVED] depth=1 | https://manifestationmatters.com/category/affirmations/
2026-05-31 23:40:45,478 | INFO | [SAVED] depth=1 | https://manifestationmatters.com/category/law-of-attraction/
2026-05-31 23:41:08,279 | INFO | [SAVED] depth=1 | https://manifestationmatters.com/category/gratitude/
2026-05-31 23:41:30,386 | INFO | [SAVED] depth=1 | https://manifestationmatters.com/category/manifestation/
2026-05-31 23:41:30,397 | INFO | [PROCESSING] about | https://nextlevelsoul.com/blog/
2026-05-31 23:41:52,665 | INFO | [PROCESSING] product | https://watch.nextlevelsoul.com/category/events_&_workshops
2026-05-31 23:42:16,974 | INFO | [PROCESSING] about | https://elliotoracle.com/
2026-05-31 23:42:41,433 | INFO | [PROCESSING] product | https://elliotoracle.com/shop/
2026-05-31 23:54:14,728 | INFO | [PROCESSING] about | https://manifestationmatters.com/category/law-of-attraction/
2026-05-31 23:54:36,060 | INFO | [PROCESSING] product | https://manifestationmatters.com/manifestation-matters-store/
2026-05-31 23:55:23,808 | INFO | [SAVED] depth=1 | https://manifestationmatters.com/category/gratitude/
